2024-12-31T11:51:50.542+09:00  INFO 2688 --- [final-app] [restartedMain] c.example.finalapp.FinalAppApplication   : Starting FinalAppApplication using Java 21.0.5 with PID 2688 (D:\0900_gb_psh\spring\workspace\final-app\build\classes\java\main started by Administrator in D:\0900_gb_psh\spring\workspace\final-app)
2024-12-31T11:51:50.543+09:00  INFO 2688 --- [final-app] [restartedMain] c.example.finalapp.FinalAppApplication   : No active profile set, falling back to 1 default profile: "default"
2024-12-31T11:51:50.569+09:00  INFO 2688 --- [final-app] [restartedMain] o.s.b.devtools.restart.ChangeableUrls    : The Class-Path manifest attribute in C:\Users\Administrator\.gradle\caches\modules-2\files-2.1\com.oracle.database.jdbc\ojdbc11\23.5.0.24.07\6e07003d57be5e280ef0492209e20fa27edec5b6\ojdbc11-23.5.0.24.07.jar referenced one or more files that do not exist: file:/C:/Users/Administrator/.gradle/caches/modules-2/files-2.1/com.oracle.database.jdbc/ojdbc11/23.5.0.24.07/6e07003d57be5e280ef0492209e20fa27edec5b6/oraclepki.jar
2024-12-31T11:51:50.570+09:00  INFO 2688 --- [final-app] [restartedMain] .e.DevToolsPropertyDefaultsPostProcessor : Devtools property defaults active! Set 'spring.devtools.add-properties' to 'false' to disable
2024-12-31T11:51:50.570+09:00  INFO 2688 --- [final-app] [restartedMain] .e.DevToolsPropertyDefaultsPostProcessor : For additional web related logging consider setting the 'logging.level.web' property to 'DEBUG'
2024-12-31T11:51:50.880+09:00 DEBUG 2688 --- [final-app] [restartedMain] o.m.s.b.a.MybatisAutoConfiguration       : Searching for mappers annotated with @Mapper
2024-12-31T11:51:50.880+09:00 DEBUG 2688 --- [final-app] [restartedMain] o.m.s.b.a.MybatisAutoConfiguration       : Using auto-configuration base package 'com.example.finalapp'
2024-12-31T11:51:50.955+09:00 DEBUG 2688 --- [final-app] [restartedMain] org.apache.ibatis.logging.LogFactory     : Logging initialized using 'class org.apache.ibatis.logging.slf4j.Slf4jImpl' adapter.
2024-12-31T11:51:50.957+09:00  WARN 2688 --- [final-app] [restartedMain] o.m.s.mapper.ClassPathMapperScanner      : No MyBatis mapper was found in '[com.example.finalapp]' package. Please check your configuration.
2024-12-31T11:51:51.181+09:00  INFO 2688 --- [final-app] [restartedMain] o.s.b.w.embedded.tomcat.TomcatWebServer  : Tomcat initialized with port 10000 (http)
2024-12-31T11:51:51.189+09:00  INFO 2688 --- [final-app] [restartedMain] o.apache.catalina.core.StandardService   : Starting service [Tomcat]
2024-12-31T11:51:51.189+09:00  INFO 2688 --- [final-app] [restartedMain] o.apache.catalina.core.StandardEngine    : Starting Servlet engine: [Apache Tomcat/10.1.34]
2024-12-31T11:51:51.219+09:00  INFO 2688 --- [final-app] [restartedMain] o.a.c.c.C.[Tomcat].[localhost].[/]       : Initializing Spring embedded WebApplicationContext
2024-12-31T11:51:51.219+09:00  INFO 2688 --- [final-app] [restartedMain] w.s.c.ServletWebServerApplicationContext : Root WebApplicationContext: initialization completed in 649 ms
2024-12-31T11:51:51.278+09:00  INFO 2688 --- [final-app] [restartedMain] o.s.b.a.w.s.WelcomePageHandlerMapping    : Adding welcome page template: index
2024-12-31T11:51:51.440+09:00 DEBUG 2688 --- [final-app] [restartedMain] o.m.s.b.a.MybatisAutoConfiguration       : Not found configuration for registering mapper bean using @MapperScan, MapperFactoryBean and MapperScannerConfigurer.
2024-12-31T11:51:51.477+09:00 DEBUG 2688 --- [final-app] [restartedMain] o.mybatis.spring.SqlSessionFactoryBean   : Property 'mapperLocations' was not specified.
2024-12-31T11:51:51.534+09:00  INFO 2688 --- [final-app] [restartedMain] o.s.b.d.a.OptionalLiveReloadServer       : LiveReload server is running on port 35729
2024-12-31T11:51:51.555+09:00  INFO 2688 --- [final-app] [restartedMain] o.s.b.w.embedded.tomcat.TomcatWebServer  : Tomcat started on port 10000 (http) with context path '/'
2024-12-31T11:51:51.561+09:00  INFO 2688 --- [final-app] [restartedMain] c.example.finalapp.FinalAppApplication   : Started FinalAppApplication in 1.255 seconds (process running for 1.642)
2024-12-31T11:52:26.389+09:00  INFO 2688 --- [final-app] [SpringApplicationShutdownHook] o.s.b.w.e.tomcat.GracefulShutdown        : Commencing graceful shutdown. Waiting for active requests to complete
2024-12-31T11:52:26.394+09:00  INFO 2688 --- [final-app] [tomcat-shutdown] o.s.b.w.e.tomcat.GracefulShutdown        : Graceful shutdown complete
